2019-07-24 15:47:47,044 - request - ERROR - this is test log
2019-07-24 15:48:36,780 - request - INFO - /test:GET:{}
2019-07-24 15:49:08,443 - request - INFO - /test:GET:{}
2019-07-24 15:49:32,371 - request - INFO - /test:GET:{}
2019-07-24 15:50:06,172 - request - INFO - /test:GET:200 OK:{}
2019-07-24 15:51:48,102 - request - INFO - /test:GET:200 OK:{}
2019-07-24 15:52:04,482 - request - INFO - /test:GET:200 OK:{}
2019-07-24 15:54:32,915 - request - INFO - /test:GET:200 OK:{}
2019-07-24 16:24:02,192 - request - INFO - /test:GET:200 OK:{}
2019-07-24 16:24:14,861 - request - INFO - /test:GET:200 OK:{}
2019-07-24 16:24:38,459 - request - INFO - /test:GET:200 OK:{}
2019-07-24 16:24:48,484 - request - INFO - /test:GET:200 OK:{}
2019-07-24 16:24:55,451 - request - INFO - /test:GET:200 OK:{}
2019-07-24 16:25:43,467 - request - INFO - /test:GET:200 OK:{}
2019-07-24 16:26:17,189 - request - INFO - /test:GET:200 OK:{}
2019-07-24 16:27:57,942 - request - INFO - /test:GET:200 OK:{}
2019-07-24 16:28:42,353 - request - INFO - /test:GET:200 OK:{}
2019-07-24 16:30:28,738 - request - INFO - /push_tag:POST:200 OK:{}
2019-07-24 16:30:41,530 - request - INFO - /test:POST:200 OK:{}
2019-07-24 16:30:55,904 - request - INFO - /test:POST:200 OK:{}
2019-07-24 16:34:40,145 - request - INFO - /test:POST:200 OK:{}
2019-07-24 16:35:05,364 - request - INFO - /test:POST:200 OK:{'token': '123'}
2019-07-24 16:40:15,836 - request - INFO - /test:POST:200 OK:{}
2019-07-24 16:40:40,851 - request - INFO - /test:POST:200 OK:{}
2019-07-24 16:41:08,554 - request - INFO - /test:POST:200 OK:{}
2019-07-24 16:41:27,660 - request - INFO - /test:POST:200 OK:{}
2019-07-24 16:41:41,071 - request - INFO - /test:POST:200 OK:{}
2019-07-24 16:43:51,528 - request - INFO - /test:POST:200 OK:{}
2019-07-24 16:44:04,990 - request - INFO - /test:POST:200 OK:{}
2019-07-24 16:44:35,948 - request - INFO - /test:POST:200 OK:{}
2019-07-24 17:04:53,745 - request - INFO - /login:POST:200 OK:{}
2019-07-24 17:05:35,832 - request - INFO - /login:POST:200 OK:{}
2019-07-24 17:06:58,402 - request - INFO - /login:POST:200 OK:{}
2019-07-24 17:07:05,680 - request - INFO - /login:POST:200 OK:{}
2019-07-24 17:07:33,688 - request - INFO - /login:POST:200 OK:{}
2019-07-24 17:08:05,600 - request - INFO - /login:POST:200 OK:{}
2019-07-24 17:08:11,883 - request - INFO - /login:POST:200 OK:{}
2019-07-24 17:08:20,128 - request - INFO - /login:POST:200 OK:{}
2019-07-24 17:11:17,940 - request - INFO - /login:POST:200 OK:{}
2019-07-24 17:11:28,620 - request - INFO - /login:POST:200 OK:{}
2019-07-24 17:11:29,557 - request - INFO - /login:POST:200 OK:{}
2019-07-24 17:12:12,974 - request - INFO - /login:POST:200 OK:{}
2019-07-24 17:12:34,245 - request - INFO - /login:POST:200 OK:{}
2019-07-24 17:13:14,845 - request - INFO - /login:POST:200 OK:{}
2019-07-24 17:14:52,304 - request - INFO - /logout:GET:200 OK:{}
2019-07-24 17:15:07,166 - request - INFO - /logout:GET:200 OK:{}
2019-07-24 17:15:22,241 - request - INFO - /logout:GET:200 OK:{}
2019-07-24 17:15:31,633 - request - INFO - /logout:GET:200 OK:{}
2019-07-24 17:16:47,261 - request - INFO - /logout:GET:200 OK:{}
2019-07-24 17:18:00,377 - request - INFO - /logout:GET:200 OK:{}
2019-07-24 17:18:13,078 - request - INFO - /logout:GET:200 OK:{}
2019-07-24 17:18:41,911 - request - INFO - /logout:GET:200 OK:{}
2019-07-24 17:19:11,472 - request - INFO - /logout:GET:200 OK:{}
2019-07-24 17:19:37,578 - request - INFO - /logout:GET:200 OK:{}
2019-07-24 17:19:43,996 - request - INFO - /logout:GET:200 OK:{}
2019-07-24 17:20:18,188 - request - INFO - /logout:GET:200 OK:{}
2019-07-24 17:20:28,904 - request - INFO - /logout:GET:200 OK:{}
2019-07-24 17:21:18,314 - request - INFO - /logout:GET:200 OK:{}
2019-07-24 17:23:58,759 - request - INFO - /logout:GET:200 OK:{}
2019-07-24 17:24:06,538 - request - INFO - /logout:GET:200 OK:{}
2019-07-24 17:25:31,335 - request - INFO - /login:POST:200 OK:{}
2019-07-24 17:25:37,973 - request - INFO - /logout:GET:200 OK:{}
2019-07-24 17:25:41,861 - request - INFO - /logout:GET:200 OK:{}
